<?xml version="1.0" encoding="UTF-8"?>
<testsuite name="SwingDemoTest" tests="1" skipped="0" failures="0" errors="0" timestamp="2022-04-14T17:41:57" hostname="LAPTOP-QS28H6FN" time="0.002">
  <properties/>
  <testcase name="testSomeLibraryMethod" classname="SwingDemoTest" time="0.002"/>
  <system-out><![CDATA[]]></system-out>
  <system-err><![CDATA[]]></system-err>
</testsuite>
